<?xml version="1.0" encoding="UTF-8"?>
<!-- Generated by org.testng.reporters.JUnitReportReporter -->
<testsuite hostname="DESKTOP-PPG1CJU" name="P2.C1" tests="1" failures="0" timestamp="8 Jun 2017 17:21:33 GMT" time="6.443" errors="0">
  <testcase name="T" time="6.443" classname="P2.C1"/>
</testsuite> <!-- P2.C1 -->
